<?xml version="1.0" encoding="UTF-8"?>
<coverage generated="1684531546941" clover="3.2.0">
  <project timestamp="1684531546941" name="All files">
    <metrics statements="51" coveredstatements="44" conditionals="8" coveredconditionals="5" methods="30" coveredmethods="26" elements="89" coveredelements="75" complexity="0" loc="51" ncloc="51" packages="2" files="3" classes="3"/>
    <package name="src">
      <metrics statements="46" coveredstatements="39" conditionals="2" coveredconditionals="2" methods="27" coveredmethods="23"/>
      <file name="facturacion.jsx" path="D:\Juan Jose Viafara\I\Universidad\Semestre 6\Desarrollo Software 2\ProyectoDS2\frontend\src\facturacion.jsx">
        <metrics statements="25" coveredstatements="20" conditionals="2" coveredconditionals="2" methods="13" coveredmethods="11"/>
        <line num="13" count="14" type="stmt"/>
        <line num="14" count="14" type="stmt"/>
        <line num="46" count="2" type="stmt"/>
        <line num="57" count="6" type="stmt"/>
        <line num="58" count="6" type="stmt"/>
        <line num="59" count="6" type="stmt"/>
        <line num="67" count="6" type="stmt"/>
        <line num="78" count="6" type="stmt"/>
        <line num="79" count="5" type="stmt"/>
        <line num="80" count="5" type="stmt"/>
        <line num="85" count="0" type="stmt"/>
        <line num="86" count="0" type="stmt"/>
        <line num="94" count="0" type="stmt"/>
        <line num="97" count="0" type="stmt"/>
        <line num="98" count="0" type="stmt"/>
        <line num="108" count="5" type="stmt"/>
        <line num="110" count="6" type="stmt"/>
        <line num="117" count="6" type="stmt"/>
        <line num="188" count="2" type="stmt"/>
        <line num="200" count="1" type="stmt"/>
        <line num="269" count="6" type="stmt"/>
        <line num="275" count="30" type="stmt"/>
        <line num="283" count="6" type="stmt"/>
        <line num="288" count="30" type="stmt"/>
        <line num="289" count="30" type="stmt"/>
      </file>
      <file name="productos.jsx" path="D:\Juan Jose Viafara\I\Universidad\Semestre 6\Desarrollo Software 2\ProyectoDS2\frontend\src\productos.jsx">
        <metrics statements="21" coveredstatements="19" conditionals="0" coveredconditionals="0" methods="14" coveredmethods="12"/>
        <line num="21" count="19" type="stmt"/>
        <line num="30" count="19" type="stmt"/>
        <line num="34" count="19" type="stmt"/>
        <line num="35" count="2" type="stmt"/>
        <line num="36" count="2" type="stmt"/>
        <line num="42" count="0" type="stmt"/>
        <line num="45" count="1" type="stmt"/>
        <line num="48" count="1" type="stmt"/>
        <line num="58" count="19" type="stmt"/>
        <line num="142" count="1" type="stmt"/>
        <line num="153" count="1" type="stmt"/>
        <line num="166" count="2" type="stmt"/>
        <line num="176" count="1" type="stmt"/>
        <line num="190" count="1" type="stmt"/>
        <line num="206" count="1" type="stmt"/>
        <line num="215" count="1" type="stmt"/>
        <line num="229" count="0" type="stmt"/>
        <line num="237" count="10" type="stmt"/>
        <line num="238" count="10" type="stmt"/>
        <line num="239" count="4" type="stmt"/>
        <line num="241" count="10" type="stmt"/>
      </file>
    </package>
    <package name="src.components">
      <metrics statements="5" coveredstatements="5" conditionals="6" coveredconditionals="3" methods="3" coveredmethods="3"/>
      <file name="navbar.jsx" path="D:\Juan Jose Viafara\I\Universidad\Semestre 6\Desarrollo Software 2\ProyectoDS2\frontend\src\components\navbar.jsx">
        <metrics statements="5" coveredstatements="5" conditionals="6" coveredconditionals="3" methods="3" coveredmethods="3"/>
        <line num="12" count="1" type="stmt"/>
        <line num="15" count="1" type="stmt"/>
        <line num="19" count="1" type="stmt"/>
        <line num="63" count="3" type="stmt"/>
        <line num="67" count="3" type="stmt"/>
      </file>
    </package>
  </project>
</coverage>
