{"D:\\Juan Jose Viafara\\I\\Universidad\\Semestre 6\\Desarrollo Software 2\\ProyectoDS2\\frontend\\src\\facturacion.jsx": {"path":"D:\\Juan Jose Viafara\\I\\Universidad\\Semestre 6\\Desarrollo Software 2\\ProyectoDS2\\frontend\\src\\facturacion.jsx","statementMap":{"0":{"start":{"line":13,"column":32},"end":{"line":13,"column":62}},"1":{"start":{"line":14,"column":2},"end":{"line":53,"column":4}},"2":{"start":{"line":46,"column":25},"end":{"line":46,"column":71}},"3":{"start":{"line":57,"column":13},"end":{"line":57,"column":23}},"4":{"start":{"line":58,"column":42},"end":{"line":58,"column":57}},"5":{"start":{"line":59,"column":38},"end":{"line":66,"column":4}},"6":{"start":{"line":67,"column":34},"end":{"line":76,"column":4}},"7":{"start":{"line":78,"column":2},"end":{"line":109,"column":22}},"8":{"start":{"line":79,"column":23},"end":{"line":107,"column":5}},"9":{"start":{"line":80,"column":6},"end":{"line":106,"column":11}},"10":{"start":{"line":85,"column":48},"end":{"line":85,"column":52}},"11":{"start":{"line":86,"column":10},"end":{"line":93,"column":13}},"12":{"start":{"line":94,"column":10},"end":{"line":94,"column":33}},"13":{"start":{"line":97,"column":10},"end":{"line":97,"column":32}},"14":{"start":{"line":98,"column":10},"end":{"line":105,"column":13}},"15":{"start":{"line":108,"column":4},"end":{"line":108,"column":17}},"16":{"start":{"line":110,"column":18},"end":{"line":116,"column":3}},"17":{"start":{"line":117,"column":2},"end":{"line":303,"column":4}},"18":{"start":{"line":188,"column":27},"end":{"line":188,"column":79}},"19":{"start":{"line":200,"column":14},"end":{"line":204,"column":16}},"20":{"start":{"line":269,"column":16},"end":{"line":269,"column":50}},"21":{"start":{"line":275,"column":18},"end":{"line":277,"column":30}},"22":{"start":{"line":283,"column":16},"end":{"line":296,"column":18}},"23":{"start":{"line":288,"column":38},"end":{"line":288,"column":46}},"24":{"start":{"line":289,"column":24},"end":{"line":293,"column":26}}},"fnMap":{"0":{"name":"Boxcustom","decl":{"start":{"line":12,"column":9},"end":{"line":12,"column":18}},"loc":{"start":{"line":12,"column":31},"end":{"line":54,"column":1}},"line":12},"1":{"name":"(anonymous_1)","decl":{"start":{"line":46,"column":18},"end":{"line":46,"column":19}},"loc":{"start":{"line":46,"column":25},"end":{"line":46,"column":71}},"line":46},"2":{"name":"Facturacion","decl":{"start":{"line":56,"column":9},"end":{"line":56,"column":20}},"loc":{"start":{"line":56,"column":23},"end":{"line":304,"column":1}},"line":56},"3":{"name":"(anonymous_3)","decl":{"start":{"line":78,"column":12},"end":{"line":78,"column":13}},"loc":{"start":{"line":78,"column":18},"end":{"line":109,"column":3}},"line":78},"4":{"name":"(anonymous_4)","decl":{"start":{"line":79,"column":23},"end":{"line":79,"column":24}},"loc":{"start":{"line":79,"column":35},"end":{"line":107,"column":5}},"line":79},"5":{"name":"(anonymous_5)","decl":{"start":{"line":84,"column":14},"end":{"line":84,"column":15}},"loc":{"start":{"line":84,"column":28},"end":{"line":95,"column":9}},"line":84},"6":{"name":"(anonymous_6)","decl":{"start":{"line":96,"column":15},"end":{"line":96,"column":16}},"loc":{"start":{"line":96,"column":26},"end":{"line":106,"column":9}},"line":96},"7":{"name":"(anonymous_7)","decl":{"start":{"line":188,"column":20},"end":{"line":188,"column":21}},"loc":{"start":{"line":188,"column":27},"end":{"line":188,"column":79}},"line":188},"8":{"name":"(anonymous_8)","decl":{"start":{"line":199,"column":22},"end":{"line":199,"column":23}},"loc":{"start":{"line":200,"column":14},"end":{"line":204,"column":16}},"line":200},"9":{"name":"(anonymous_9)","decl":{"start":{"line":268,"column":31},"end":{"line":268,"column":32}},"loc":{"start":{"line":268,"column":56},"end":{"line":270,"column":15}},"line":268},"10":{"name":"(anonymous_10)","decl":{"start":{"line":274,"column":29},"end":{"line":274,"column":30}},"loc":{"start":{"line":275,"column":18},"end":{"line":277,"column":30}},"line":275},"11":{"name":"(anonymous_11)","decl":{"start":{"line":282,"column":28},"end":{"line":282,"column":29}},"loc":{"start":{"line":282,"column":44},"end":{"line":297,"column":15}},"line":282},"12":{"name":"(anonymous_12)","decl":{"start":{"line":287,"column":27},"end":{"line":287,"column":28}},"loc":{"start":{"line":287,"column":43},"end":{"line":294,"column":23}},"line":287}},"branchMap":{"0":{"loc":{"start":{"line":194,"column":9},"end":{"line":224,"column":9}},"type":"cond-expr","locations":[{"start":{"line":195,"column":10},"end":{"line":211,"column":12}},{"start":{"line":213,"column":10},"end":{"line":223,"column":12}}],"line":194}},"s":{"0":14,"1":14,"2":2,"3":6,"4":6,"5":6,"6":6,"7":6,"8":5,"9":5,"10":0,"11":0,"12":0,"13":0,"14":0,"15":5,"16":6,"17":6,"18":2,"19":1,"20":6,"21":30,"22":6,"23":30,"24":30},"f":{"0":14,"1":2,"2":6,"3":5,"4":5,"5":0,"6":0,"7":2,"8":1,"9":6,"10":30,"11":6,"12":30},"b":{"0":[2,4]},"_coverageSchema":"1a1c01bbd47fc00a2c39e90264f33305004495a9","hash":"1dd9ab873293d8af3344cbde48d077d8b7f10596"}
,"D:\\Juan Jose Viafara\\I\\Universidad\\Semestre 6\\Desarrollo Software 2\\ProyectoDS2\\frontend\\src\\productos.jsx": {"path":"D:\\Juan Jose Viafara\\I\\Universidad\\Semestre 6\\Desarrollo Software 2\\ProyectoDS2\\frontend\\src\\productos.jsx","statementMap":{"0":{"start":{"line":21,"column":34},"end":{"line":29,"column":4}},"1":{"start":{"line":30,"column":32},"end":{"line":33,"column":4}},"2":{"start":{"line":34,"column":24},"end":{"line":57,"column":3}},"3":{"start":{"line":35,"column":4},"end":{"line":35,"column":23}},"4":{"start":{"line":36,"column":4},"end":{"line":46,"column":9}},"5":{"start":{"line":42,"column":8},"end":{"line":42,"column":48}},"6":{"start":{"line":45,"column":8},"end":{"line":45,"column":55}},"7":{"start":{"line":48,"column":4},"end":{"line":56,"column":7}},"8":{"start":{"line":58,"column":2},"end":{"line":233,"column":4}},"9":{"start":{"line":142,"column":20},"end":{"line":142,"column":70}},"10":{"start":{"line":153,"column":22},"end":{"line":153,"column":73}},"11":{"start":{"line":166,"column":20},"end":{"line":166,"column":78}},"12":{"start":{"line":176,"column":20},"end":{"line":176,"column":77}},"13":{"start":{"line":190,"column":22},"end":{"line":190,"column":74}},"14":{"start":{"line":206,"column":20},"end":{"line":206,"column":74}},"15":{"start":{"line":215,"column":20},"end":{"line":215,"column":77}},"16":{"start":{"line":229,"column":23},"end":{"line":229,"column":63}},"17":{"start":{"line":237,"column":26},"end":{"line":237,"column":41}},"18":{"start":{"line":238,"column":21},"end":{"line":240,"column":3}},"19":{"start":{"line":239,"column":4},"end":{"line":239,"column":19}},"20":{"start":{"line":241,"column":2},"end":{"line":295,"column":4}}},"fnMap":{"0":{"name":"NuevoProducto","decl":{"start":{"line":20,"column":16},"end":{"line":20,"column":29}},"loc":{"start":{"line":20,"column":52},"end":{"line":234,"column":1}},"line":20},"1":{"name":"(anonymous_1)","decl":{"start":{"line":34,"column":24},"end":{"line":34,"column":25}},"loc":{"start":{"line":34,"column":37},"end":{"line":57,"column":3}},"line":34},"2":{"name":"(anonymous_2)","decl":{"start":{"line":41,"column":12},"end":{"line":41,"column":13}},"loc":{"start":{"line":41,"column":42},"end":{"line":43,"column":7}},"line":41},"3":{"name":"(anonymous_3)","decl":{"start":{"line":44,"column":13},"end":{"line":44,"column":14}},"loc":{"start":{"line":44,"column":30},"end":{"line":46,"column":7}},"line":44},"4":{"name":"(anonymous_4)","decl":{"start":{"line":141,"column":28},"end":{"line":141,"column":29}},"loc":{"start":{"line":142,"column":20},"end":{"line":142,"column":70}},"line":142},"5":{"name":"(anonymous_5)","decl":{"start":{"line":152,"column":30},"end":{"line":152,"column":31}},"loc":{"start":{"line":153,"column":22},"end":{"line":153,"column":73}},"line":153},"6":{"name":"(anonymous_6)","decl":{"start":{"line":165,"column":28},"end":{"line":165,"column":29}},"loc":{"start":{"line":166,"column":20},"end":{"line":166,"column":78}},"line":166},"7":{"name":"(anonymous_7)","decl":{"start":{"line":175,"column":28},"end":{"line":175,"column":29}},"loc":{"start":{"line":176,"column":20},"end":{"line":176,"column":77}},"line":176},"8":{"name":"(anonymous_8)","decl":{"start":{"line":189,"column":30},"end":{"line":189,"column":31}},"loc":{"start":{"line":190,"column":22},"end":{"line":190,"column":74}},"line":190},"9":{"name":"(anonymous_9)","decl":{"start":{"line":205,"column":28},"end":{"line":205,"column":29}},"loc":{"start":{"line":206,"column":20},"end":{"line":206,"column":74}},"line":206},"10":{"name":"(anonymous_10)","decl":{"start":{"line":214,"column":28},"end":{"line":214,"column":29}},"loc":{"start":{"line":215,"column":20},"end":{"line":215,"column":77}},"line":215},"11":{"name":"(anonymous_11)","decl":{"start":{"line":229,"column":17},"end":{"line":229,"column":18}},"loc":{"start":{"line":229,"column":23},"end":{"line":229,"column":63}},"line":229},"12":{"name":"Productos","decl":{"start":{"line":236,"column":24},"end":{"line":236,"column":33}},"loc":{"start":{"line":236,"column":36},"end":{"line":296,"column":1}},"line":236},"13":{"name":"(anonymous_13)","decl":{"start":{"line":238,"column":21},"end":{"line":238,"column":22}},"loc":{"start":{"line":238,"column":27},"end":{"line":240,"column":3}},"line":238}},"branchMap":{},"s":{"0":19,"1":19,"2":19,"3":2,"4":2,"5":0,"6":1,"7":1,"8":19,"9":1,"10":1,"11":2,"12":1,"13":1,"14":1,"15":1,"16":0,"17":10,"18":10,"19":4,"20":10},"f":{"0":19,"1":2,"2":0,"3":1,"4":1,"5":1,"6":2,"7":1,"8":1,"9":1,"10":1,"11":0,"12":10,"13":4},"b":{},"_coverageSchema":"1a1c01bbd47fc00a2c39e90264f33305004495a9","hash":"94df1d12abd4932dfb7a270e15fc9c720c5d0f29"}
,"D:\\Juan Jose Viafara\\I\\Universidad\\Semestre 6\\Desarrollo Software 2\\ProyectoDS2\\frontend\\src\\components\\navbar.jsx": {"path":"D:\\Juan Jose Viafara\\I\\Universidad\\Semestre 6\\Desarrollo Software 2\\ProyectoDS2\\frontend\\src\\components\\navbar.jsx","statementMap":{"0":{"start":{"line":12,"column":16},"end":{"line":12,"column":56}},"1":{"start":{"line":15,"column":18},"end":{"line":17,"column":4}},"2":{"start":{"line":19,"column":2},"end":{"line":87,"column":4}},"3":{"start":{"line":63,"column":16},"end":{"line":80,"column":26}},"4":{"start":{"line":67,"column":20},"end":{"line":76,"column":22}}},"fnMap":{"0":{"name":"NavbarApp","decl":{"start":{"line":11,"column":9},"end":{"line":11,"column":18}},"loc":{"start":{"line":11,"column":31},"end":{"line":88,"column":1}},"line":11},"1":{"name":"(anonymous_1)","decl":{"start":{"line":62,"column":25},"end":{"line":62,"column":26}},"loc":{"start":{"line":63,"column":16},"end":{"line":80,"column":26}},"line":63},"2":{"name":"(anonymous_2)","decl":{"start":{"line":66,"column":25},"end":{"line":66,"column":26}},"loc":{"start":{"line":66,"column":54},"end":{"line":77,"column":19}},"line":66}},"branchMap":{"0":{"loc":{"start":{"line":16,"column":12},"end":{"line":16,"column":41}},"type":"cond-expr","locations":[{"start":{"line":16,"column":21},"end":{"line":16,"column":29}},{"start":{"line":16,"column":32},"end":{"line":16,"column":41}}],"line":16},"1":{"loc":{"start":{"line":70,"column":29},"end":{"line":70,"column":54}},"type":"cond-expr","locations":[{"start":{"line":70,"column":39},"end":{"line":70,"column":46}},{"start":{"line":70,"column":47},"end":{"line":70,"column":54}}],"line":70},"2":{"loc":{"start":{"line":74,"column":39},"end":{"line":74,"column":72}},"type":"cond-expr","locations":[{"start":{"line":74,"column":49},"end":{"line":74,"column":58}},{"start":{"line":74,"column":59},"end":{"line":74,"column":72}}],"line":74}},"s":{"0":1,"1":1,"2":1,"3":3,"4":3},"f":{"0":1,"1":3,"2":3},"b":{"0":[0,1],"1":[0,3],"2":[0,3]},"_coverageSchema":"1a1c01bbd47fc00a2c39e90264f33305004495a9","hash":"18fc93ca285e8c724a109c26ca6cd3e87bb2bde4"}
}
