TN:
SF:src\facturacion.jsx
FN:12,Boxcustom
FN:46,(anonymous_1)
FN:56,Facturacion
FN:78,(anonymous_3)
FN:79,(anonymous_4)
FN:84,(anonymous_5)
FN:96,(anonymous_6)
FN:188,(anonymous_7)
FN:199,(anonymous_8)
FN:268,(anonymous_9)
FN:274,(anonymous_10)
FN:282,(anonymous_11)
FN:287,(anonymous_12)
FNF:13
FNH:11
FNDA:14,Boxcustom
FNDA:2,(anonymous_1)
FNDA:6,Facturacion
FNDA:5,(anonymous_3)
FNDA:5,(anonymous_4)
FNDA:0,(anonymous_5)
FNDA:0,(anonymous_6)
FNDA:2,(anonymous_7)
FNDA:1,(anonymous_8)
FNDA:6,(anonymous_9)
FNDA:30,(anonymous_10)
FNDA:6,(anonymous_11)
FNDA:30,(anonymous_12)
DA:13,14
DA:14,14
DA:46,2
DA:57,6
DA:58,6
DA:59,6
DA:67,6
DA:78,6
DA:79,5
DA:80,5
DA:85,0
DA:86,0
DA:94,0
DA:97,0
DA:98,0
DA:108,5
DA:110,6
DA:117,6
DA:188,2
DA:200,1
DA:269,6
DA:275,30
DA:283,6
DA:288,30
DA:289,30
LF:25
LH:20
BRDA:194,0,0,2
BRDA:194,0,1,4
BRF:2
BRH:2
end_of_record
TN:
SF:src\productos.jsx
FN:20,NuevoProducto
FN:34,(anonymous_1)
FN:41,(anonymous_2)
FN:44,(anonymous_3)
FN:141,(anonymous_4)
FN:152,(anonymous_5)
FN:165,(anonymous_6)
FN:175,(anonymous_7)
FN:189,(anonymous_8)
FN:205,(anonymous_9)
FN:214,(anonymous_10)
FN:229,(anonymous_11)
FN:236,Productos
FN:238,(anonymous_13)
FNF:14
FNH:12
FNDA:19,NuevoProducto
FNDA:2,(anonymous_1)
FNDA:0,(anonymous_2)
FNDA:1,(anonymous_3)
FNDA:1,(anonymous_4)
FNDA:1,(anonymous_5)
FNDA:2,(anonymous_6)
FNDA:1,(anonymous_7)
FNDA:1,(anonymous_8)
FNDA:1,(anonymous_9)
FNDA:1,(anonymous_10)
FNDA:0,(anonymous_11)
FNDA:10,Productos
FNDA:4,(anonymous_13)
DA:21,19
DA:30,19
DA:34,19
DA:35,2
DA:36,2
DA:42,0
DA:45,1
DA:48,1
DA:58,19
DA:142,1
DA:153,1
DA:166,2
DA:176,1
DA:190,1
DA:206,1
DA:215,1
DA:229,0
DA:237,10
DA:238,10
DA:239,4
DA:241,10
LF:21
LH:19
BRF:0
BRH:0
end_of_record
TN:
SF:src\components\navbar.jsx
FN:11,NavbarApp
FN:62,(anonymous_1)
FN:66,(anonymous_2)
FNF:3
FNH:3
FNDA:1,NavbarApp
FNDA:3,(anonymous_1)
FNDA:3,(anonymous_2)
DA:12,1
DA:15,1
DA:19,1
DA:63,3
DA:67,3
LF:5
LH:5
BRDA:16,0,0,0
BRDA:16,0,1,1
BRDA:70,1,0,0
BRDA:70,1,1,3
BRDA:74,2,0,0
BRDA:74,2,1,3
BRF:6
BRH:3
end_of_record
